Release 14.4 - xst P.49d (nt)
Copyright (c) 1995-2012 Xilinx, Inc.  All rights reserved.
--> Parameter TMPDIR set to xst/projnav.tmp


Total REAL time to Xst completion: 0.00 secs
Total CPU time to Xst completion: 0.30 secs
 
--> Parameter xsthdpdir set to xst


Total REAL time to Xst completion: 0.00 secs
Total CPU time to Xst completion: 0.30 secs
 
--> Reading design: MIL_TXD.prj

TABLE OF CONTENTS
  1) Synthesis Options Summary
  2) HDL Compilation
  3) Design Hierarchy Analysis
  4) HDL Analysis
  5) HDL Synthesis
     5.1) HDL Synthesis Report
  6) Advanced HDL Synthesis
     6.1) Advanced HDL Synthesis Report
  7) Low Level Synthesis
  8) Partition Report
  9) Final Report
	9.1) Device utilization summary
	9.2) Partition Resource Summary
	9.3) TIMING REPORT


=========================================================================
*                      Synthesis Options Summary                        *
=========================================================================
---- Source Parameters
Input File Name                    : "MIL_TXD.prj"
Input Format                       : mixed
Ignore Synthesis Constraint File   : NO

---- Target Parameters
Output File Name                   : "MIL_TXD"
Output Format                      : NGC
Target Device                      : xc3s500e-5-fg320

---- Source Options
Top Module Name                    : MIL_TXD
Automatic FSM Extraction           : YES
FSM Encoding Algorithm             : Auto
Safe Implementation                : No
FSM Style                          : LUT
RAM Extraction                     : Yes
RAM Style                          : Auto
ROM Extraction                     : Yes
Mux Style                          : Auto
Decoder Extraction                 : YES
Priority Encoder Extraction        : Yes
Shift Register Extraction          : YES
Logical Shifter Extraction         : YES
XOR Collapsing                     : YES
ROM Style                          : Auto
Mux Extraction                     : Yes
Resource Sharing                   : YES
Asynchronous To Synchronous        : NO
Multiplier Style                   : Auto
Automatic Register Balancing       : No

---- Target Options
Add IO Buffers                     : YES
Global Maximum Fanout              : 500
Add Generic Clock Buffer(BUFG)     : 24
Register Duplication               : YES
Slice Packing                      : YES
Optimize Instantiated Primitives   : NO
Use Clock Enable                   : Yes
Use Synchronous Set                : Yes
Use Synchronous Reset              : Yes
Pack IO Registers into IOBs        : Auto
Equivalent register Removal        : YES

---- General Options
Optimization Goal                  : Speed
Optimization Effort                : 1
Keep Hierarchy                     : No
Netlist Hierarchy                  : As_Optimized
RTL Output                         : Yes
Global Optimization                : AllClockNets
Read Cores                         : YES
Write Timing Constraints           : NO
Cross Clock Analysis               : NO
Hierarchy Separator                : /
Bus Delimiter                      : <>
Case Specifier                     : Maintain
Slice Utilization Ratio            : 100
BRAM Utilization Ratio             : 100
Verilog 2001                       : YES
Auto BRAM Packing                  : NO
Slice Utilization Ratio Delta      : 5

=========================================================================


=========================================================================
*                          HDL Compilation                              *
=========================================================================
Compiling verilog file "MIL_TXD.v" in library work
Module <MIL_TXD> compiled
No errors in compilation
Analysis of file <"MIL_TXD.prj"> succeeded.
 

=========================================================================
*                     Design Hierarchy Analysis                         *
=========================================================================
Analyzing hierarchy for module <MIL_TXD> in library <work> with parameters.
	Fclk = "00000010111110101111000010000000"
	TXvel = "00000000000011110100001001000000"


=========================================================================
*                            HDL Analysis                               *
=========================================================================
Analyzing top module <MIL_TXD>.
	Fclk = 32'sb00000010111110101111000010000000
	TXvel = 32'sb00000000000011110100001001000000
Module <MIL_TXD> is correct for synthesis.
 

=========================================================================
*                           HDL Synthesis                               *
=========================================================================

Performing bidirectional port resolution...

Synthesizing Unit <MIL_TXD>.
    Related source file is "MIL_TXD.v".
    Found 1-bit register for signal <FT_cp>.
    Found 1-bit xor2 for signal <TXN>.
    Found 1-bit xor2 for signal <TXP>.
    Found 1-bit register for signal <T_dat>.
    Found 5-bit up counter for signal <cb_bit>.
    Found 1-bit register for signal <en_tx>.
    Found 1-bit register for signal <bf_SY1>.
    Found 1-bit register for signal <bf_SY2>.
    Found 6-bit up counter for signal <cb_ce>.
    Found 1-bit register for signal <CW_DW>.
    Found 1-bit register for signal <QM>.
    Found 16-bit register for signal <sr_dat>.
    Found 1-bit register for signal <ttxen>.
    Found 1-bit xor2 for signal <TXN$xor0000> created at line 36.
    Found 1-bit xor2 for signal <TXN$xor0001> created at line 36.
    Found 1-bit xor2 for signal <TXP$xor0000> created at line 32.
    Found 1-bit xor2 for signal <TXP$xor0001> created at line 32.
    Summary:
	inferred   2 Counter(s).
	inferred  24 D-type flip-flop(s).
Unit <MIL_TXD> synthesized.


=========================================================================
HDL Synthesis Report

Macro Statistics
# Counters                                             : 2
 5-bit up counter                                      : 1
 6-bit up counter                                      : 1
# Registers                                            : 9
 1-bit register                                        : 8
 16-bit register                                       : 1
# Xors                                                 : 6
 1-bit xor2                                            : 6

=========================================================================

=========================================================================
*                       Advanced HDL Synthesis                          *
=========================================================================


=========================================================================
Advanced HDL Synthesis Report

Macro Statistics
# Counters                                             : 2
 5-bit up counter                                      : 1
 6-bit up counter                                      : 1
# Registers                                            : 24
 Flip-Flops                                            : 24
# Xors                                                 : 6
 1-bit xor2                                            : 6

=========================================================================

=========================================================================
*                         Low Level Synthesis                           *
=========================================================================

Optimizing unit <MIL_TXD> ...

Mapping all equations...
Building and optimizing final netlist ...
Found area constraint ratio of 100 (+ 5) on block MIL_TXD, actual ratio is 0.

Final Macro Processing ...

=========================================================================
Final Register Report

Macro Statistics
# Registers                                            : 35
 Flip-Flops                                            : 35

=========================================================================

=========================================================================
*                           Partition Report                            *
=========================================================================

Partition Implementation Status
-------------------------------

  No Partitions were found in this design.

-------------------------------

=========================================================================
*                            Final Report                               *
=========================================================================
Final Results
RTL Top Level Output File Name     : MIL_TXD.ngr
Top Level Output File Name         : MIL_TXD
Output Format                      : NGC
Optimization Goal                  : Speed
Keep Hierarchy                     : No

Design Statistics
# IOs                              : 33

Cell Usage :
# BELS                             : 69
#      INV                         : 3
#      LUT2                        : 12
#      LUT3                        : 20
#      LUT3_D                      : 1
#      LUT3_L                      : 1
#      LUT4                        : 27
#      LUT4_D                      : 1
#      LUT4_L                      : 2
#      MUXF5                       : 2
# FlipFlops/Latches                : 35
#      FDE                         : 24
#      FDR                         : 5
#      FDRE                        : 5
#      FDS                         : 1
# Clock Buffers                    : 1
#      BUFGP                       : 1
# IO Buffers                       : 32
#      IBUF                        : 17
#      OBUF                        : 15
=========================================================================

Device utilization summary:
---------------------------

Selected Device : 3s500efg320-5 

 Number of Slices:                       35  out of   4656     0%  
 Number of Slice Flip Flops:             35  out of   9312     0%  
 Number of 4 input LUTs:                 67  out of   9312     0%  
 Number of IOs:                          33
 Number of bonded IOBs:                  33  out of    232    14%  
 Number of GCLKs:                         1  out of     24     4%  

---------------------------
Partition Resource Summary:
---------------------------

  No Partitions were found in this design.

---------------------------


=========================================================================
TIMING REPORT

NOTE: THESE TIMING NUMBERS ARE ONLY A SYNTHESIS ESTIMATE.
      FOR ACCURATE TIMING INFORMATION PLEASE REFER TO THE TRACE REPORT
      GENERATED AFTER PLACE-and-ROUTE.

Clock Information:
------------------
-----------------------------------+------------------------+-------+
Clock Signal                       | Clock buffer(FF name)  | Load  |
-----------------------------------+------------------------+-------+
clk                                | BUFGP                  | 35    |
-----------------------------------+------------------------+-------+

Asynchronous Control Signals Information:
----------------------------------------
No asynchronous control signals found in this design

Timing Summary:
---------------
Speed Grade: -5

   Minimum period: 5.450ns (Maximum Frequency: 183.500MHz)
   Minimum input arrival time before clock: 3.942ns
   Maximum output required time after clock: 10.017ns
   Maximum combinational path delay: No path found

Timing Detail:
--------------
All values displayed in nanoseconds (ns)

=========================================================================
Timing constraint: Default period analysis for Clock 'clk'
  Clock period: 5.450ns (frequency: 183.500MHz)
  Total number of paths / destination ports: 659 / 74
-------------------------------------------------------------------------
Delay:               5.450ns (Levels of Logic = 3)
  Source:            en_tx (FF)
  Destination:       bf_SY2 (FF)
  Source Clock:      clk rising
  Destination Clock: clk rising

  Data Path: en_tx to bf_SY2
                                Gate     Net
    Cell:in->out      fanout   Delay   Delay  Logical Name (Net Name)
    ----------------------------------------  ------------
     FDE:C->Q             13   0.514   0.866  en_tx (en_tx_OBUF)
     LUT3_D:I2->O          3   0.612   0.454  T_dat_not000111 (N2)
     LUT4:I3->O           20   0.612   0.940  st21 (st2)
     LUT4:I3->O            1   0.612   0.357  FT_cp_not00011 (FT_cp_not0001)
     FDE:CE                    0.483          FT_cp
    ----------------------------------------
    Total                      5.450ns (2.833ns logic, 2.617ns route)
                                       (52.0% logic, 48.0% route)

=========================================================================
Timing constraint: Default OFFSET IN BEFORE for Clock 'clk'
  Total number of paths / destination ports: 19 / 19
-------------------------------------------------------------------------
Offset:              3.942ns (Levels of Logic = 3)
  Source:            txen (PAD)
  Destination:       bf_SY1 (FF)
  Destination Clock: clk rising

  Data Path: txen to bf_SY1
                                Gate     Net
    Cell:in->out      fanout   Delay   Delay  Logical Name (Net Name)
    ----------------------------------------  ------------
     IBUF:I->O             3   1.106   0.603  txen_IBUF (txen_IBUF)
     LUT4_L:I0->LO         1   0.612   0.169  bf_SY1_not0001_SW0 (N41)
     LUT4:I1->O            1   0.612   0.357  bf_SY1_not0001 (bf_SY1_not0001)
     FDE:CE                    0.483          bf_SY1
    ----------------------------------------
    Total                      3.942ns (2.813ns logic, 1.129ns route)
                                       (71.4% logic, 28.6% route)

=========================================================================
Timing constraint: Default OFFSET OUT AFTER for Clock 'clk'
  Total number of paths / destination ports: 106 / 15
-------------------------------------------------------------------------
Offset:              10.017ns (Levels of Logic = 7)
  Source:            en_tx (FF)
  Destination:       TXN (PAD)
  Source Clock:      clk rising

  Data Path: en_tx to TXN
                                Gate     Net
    Cell:in->out      fanout   Delay   Delay  Logical Name (Net Name)
    ----------------------------------------  ------------
     FDE:C->Q             13   0.514   0.866  en_tx (en_tx_OBUF)
     LUT3_D:I2->LO         1   0.612   0.103  T_dat_not000111 (N22)
     LUT4:I3->O            8   0.612   0.712  T_end1 (T_end_OBUF)
     LUT4:I1->O            2   0.612   0.532  TXN_and000421 (N11)
     LUT4:I0->O            1   0.612   0.000  TXP_and000412 (TXP_and000411)
     MUXF5:I0->O           1   0.278   0.426  TXP_and00041_f5 (N4)
     LUT4:I1->O            1   0.612   0.357  Mxor_TXP_Result1 (TXP_OBUF)
     OBUF:I->O                 3.169          TXP_OBUF (TXP)
    ----------------------------------------
    Total                     10.017ns (7.021ns logic, 2.996ns route)
                                       (70.1% logic, 29.9% route)

=========================================================================


Total REAL time to Xst completion: 6.00 secs
Total CPU time to Xst completion: 6.22 secs
 
--> 

Total memory usage is 146572 kilobytes

Number of errors   :    0 (   0 filtered)
Number of warnings :    0 (   0 filtered)
Number of infos    :    0 (   0 filtered)

