Release 14.4 - xst P.49d (nt)
Copyright (c) 1995-2012 Xilinx, Inc.  All rights reserved.
--> Parameter TMPDIR set to xst/projnav.tmp


Total REAL time to Xst completion: 1.00 secs
Total CPU time to Xst completion: 0.38 secs
 
--> Parameter xsthdpdir set to xst


Total REAL time to Xst completion: 1.00 secs
Total CPU time to Xst completion: 0.39 secs
 
--> Reading design: AR_RXD.prj

TABLE OF CONTENTS
  1) Synthesis Options Summary
  2) HDL Compilation
  3) Design Hierarchy Analysis
  4) HDL Analysis
  5) HDL Synthesis
     5.1) HDL Synthesis Report
  6) Advanced HDL Synthesis
     6.1) Advanced HDL Synthesis Report
  7) Low Level Synthesis
  8) Partition Report
  9) Final Report
	9.1) Device utilization summary
	9.2) Partition Resource Summary
	9.3) TIMING REPORT


=========================================================================
*                      Synthesis Options Summary                        *
=========================================================================
---- Source Parameters
Input File Name                    : "AR_RXD.prj"
Input Format                       : mixed
Ignore Synthesis Constraint File   : NO

---- Target Parameters
Output File Name                   : "AR_RXD"
Output Format                      : NGC
Target Device                      : xc3s500e-5-fg320

---- Source Options
Top Module Name                    : AR_RXD
Automatic FSM Extraction           : YES
FSM Encoding Algorithm             : Auto
Safe Implementation                : No
FSM Style                          : LUT
RAM Extraction                     : Yes
RAM Style                          : Auto
ROM Extraction                     : Yes
Mux Style                          : Auto
Decoder Extraction                 : YES
Priority Encoder Extraction        : Yes
Shift Register Extraction          : YES
Logical Shifter Extraction         : YES
XOR Collapsing                     : YES
ROM Style                          : Auto
Mux Extraction                     : Yes
Resource Sharing                   : YES
Asynchronous To Synchronous        : NO
Multiplier Style                   : Auto
Automatic Register Balancing       : No

---- Target Options
Add IO Buffers                     : YES
Global Maximum Fanout              : 100000
Add Generic Clock Buffer(BUFG)     : 24
Register Duplication               : YES
Slice Packing                      : YES
Optimize Instantiated Primitives   : NO
Use Clock Enable                   : Yes
Use Synchronous Set                : Yes
Use Synchronous Reset              : Yes
Pack IO Registers into IOBs        : Auto
Equivalent register Removal        : YES

---- General Options
Optimization Goal                  : Speed
Optimization Effort                : 1
Keep Hierarchy                     : No
Netlist Hierarchy                  : As_Optimized
RTL Output                         : Yes
Global Optimization                : AllClockNets
Read Cores                         : YES
Write Timing Constraints           : NO
Cross Clock Analysis               : NO
Hierarchy Separator                : /
Bus Delimiter                      : <>
Case Specifier                     : Maintain
Slice Utilization Ratio            : 100
BRAM Utilization Ratio             : 100
Verilog 2001                       : YES
Auto BRAM Packing                  : NO
Slice Utilization Ratio Delta      : 5

=========================================================================


=========================================================================
*                          HDL Compilation                              *
=========================================================================
Compiling verilog file "AR_RXD.v" in library work
Module <AR_RXD> compiled
No errors in compilation
Analysis of file <"AR_RXD.prj"> succeeded.
 

=========================================================================
*                     Design Hierarchy Analysis                         *
=========================================================================
Analyzing hierarchy for module <AR_RXD> in library <work>.


=========================================================================
*                            HDL Analysis                               *
=========================================================================
Analyzing top module <AR_RXD>.
Module <AR_RXD> is correct for synthesis.
 

=========================================================================
*                           HDL Synthesis                               *
=========================================================================

Performing bidirectional port resolution...

Synthesizing Unit <AR_RXD>.
    Related source file is "AR_RXD.v".
    Found 1-bit register for signal <FT_ct>.
    Found 5-bit up counter for signal <cb_bit>.
    Found 1-bit register for signal <ce_wr>.
    Found 8-bit register for signal <sr_adr>.
    Found 23-bit register for signal <sr_dat>.
    Found 16-bit up counter for signal <cb_res>.
    Found 1-bit register for signal <ok_rx>.
    Found 5-bit comparator less for signal <sr_adr$cmp_lt0000> created at line 50.
    Found 5-bit comparator greater for signal <sr_dat$cmp_gt0000> created at line 51.
    Found 5-bit comparator less for signal <sr_dat$cmp_lt0000> created at line 51.
    Found 1-bit register for signal <T_cp>.
    Found 1-bit register for signal <tRXCLK>.
    Found 1-bit register for signal <ttRXCLK>.
    Summary:
	inferred   2 Counter(s).
	inferred  37 D-type flip-flop(s).
	inferred   3 Comparator(s).
Unit <AR_RXD> synthesized.


=========================================================================
HDL Synthesis Report

Macro Statistics
# Counters                                             : 2
 16-bit up counter                                     : 1
 5-bit up counter                                      : 1
# Registers                                            : 8
 1-bit register                                        : 6
 23-bit register                                       : 1
 8-bit register                                        : 1
# Comparators                                          : 3
 5-bit comparator greater                              : 1
 5-bit comparator less                                 : 2

=========================================================================

=========================================================================
*                       Advanced HDL Synthesis                          *
=========================================================================


=========================================================================
Advanced HDL Synthesis Report

Macro Statistics
# Counters                                             : 2
 16-bit up counter                                     : 1
 5-bit up counter                                      : 1
# Registers                                            : 37
 Flip-Flops                                            : 37
# Comparators                                          : 3
 5-bit comparator greater                              : 1
 5-bit comparator less                                 : 2

=========================================================================

=========================================================================
*                         Low Level Synthesis                           *
=========================================================================

Optimizing unit <AR_RXD> ...

Mapping all equations...
Building and optimizing final netlist ...
Found area constraint ratio of 100 (+ 5) on block AR_RXD, actual ratio is 0.

Final Macro Processing ...

=========================================================================
Final Register Report

Macro Statistics
# Registers                                            : 58
 Flip-Flops                                            : 58

=========================================================================

=========================================================================
*                           Partition Report                            *
=========================================================================

Partition Implementation Status
-------------------------------

  No Partitions were found in this design.

-------------------------------

=========================================================================
*                            Final Report                               *
=========================================================================
Final Results
RTL Top Level Output File Name     : AR_RXD.ngr
Top Level Output File Name         : AR_RXD
Output Format                      : NGC
Optimization Goal                  : Speed
Keep Hierarchy                     : No

Design Statistics
# IOs                              : 42

Cell Usage :
# BELS                             : 81
#      GND                         : 1
#      INV                         : 3
#      LUT1                        : 15
#      LUT2                        : 5
#      LUT2_L                      : 1
#      LUT3                        : 3
#      LUT4                        : 19
#      LUT4_D                      : 1
#      LUT4_L                      : 1
#      MUXCY                       : 15
#      VCC                         : 1
#      XORCY                       : 16
# FlipFlops/Latches                : 58
#      FD                          : 1
#      FDE                         : 9
#      FDR                         : 18
#      FDRE                        : 29
#      FDS                         : 1
# Clock Buffers                    : 1
#      BUFGP                       : 1
# IO Buffers                       : 41
#      IBUF                        : 2
#      OBUF                        : 39
=========================================================================

Device utilization summary:
---------------------------

Selected Device : 3s500efg320-5 

 Number of Slices:                       38  out of   4656     0%  
 Number of Slice Flip Flops:             58  out of   9312     0%  
 Number of 4 input LUTs:                 48  out of   9312     0%  
 Number of IOs:                          42
 Number of bonded IOBs:                  42  out of    232    18%  
 Number of GCLKs:                         1  out of     24     4%  

---------------------------
Partition Resource Summary:
---------------------------

  No Partitions were found in this design.

---------------------------


=========================================================================
TIMING REPORT

NOTE: THESE TIMING NUMBERS ARE ONLY A SYNTHESIS ESTIMATE.
      FOR ACCURATE TIMING INFORMATION PLEASE REFER TO THE TRACE REPORT
      GENERATED AFTER PLACE-and-ROUTE.

Clock Information:
------------------
-----------------------------------+------------------------+-------+
Clock Signal                       | Clock buffer(FF name)  | Load  |
-----------------------------------+------------------------+-------+
clk                                | BUFGP                  | 58    |
-----------------------------------+------------------------+-------+

Asynchronous Control Signals Information:
----------------------------------------
No asynchronous control signals found in this design

Timing Summary:
---------------
Speed Grade: -5

   Minimum period: 5.777ns (Maximum Frequency: 173.091MHz)
   Minimum input arrival time before clock: 3.209ns
   Maximum output required time after clock: 6.591ns
   Maximum combinational path delay: No path found

Timing Detail:
--------------
All values displayed in nanoseconds (ns)

=========================================================================
Timing constraint: Default period analysis for Clock 'clk'
  Clock period: 5.777ns (frequency: 173.091MHz)
  Total number of paths / destination ports: 996 / 139
-------------------------------------------------------------------------
Delay:               5.777ns (Levels of Logic = 3)
  Source:            cb_res_4 (FF)
  Destination:       cb_res_0 (FF)
  Source Clock:      clk rising
  Destination Clock: clk rising

  Data Path: cb_res_4 to cb_res_0
                                Gate     Net
    Cell:in->out      fanout   Delay   Delay  Logical Name (Net Name)
    ----------------------------------------  ------------
     FDR:C->Q              2   0.514   0.532  cb_res_4 (cb_res_4)
     LUT4:I0->O            1   0.612   0.509  res7 (res7)
     LUT4:I0->O            8   0.612   0.712  res62 (res_OBUF)
     LUT2:I1->O           16   0.612   0.879  cb_res_or00001 (cb_res_or0000)
     FDR:R                     0.795          cb_res_0
    ----------------------------------------
    Total                      5.777ns (3.145ns logic, 2.632ns route)
                                       (54.4% logic, 45.6% route)

=========================================================================
Timing constraint: Default OFFSET IN BEFORE for Clock 'clk'
  Total number of paths / destination ports: 5 / 5
-------------------------------------------------------------------------
Offset:              3.209ns (Levels of Logic = 2)
  Source:            Inp1 (PAD)
  Destination:       FT_ct (FF)
  Destination Clock: clk rising

  Data Path: Inp1 to FT_ct
                                Gate     Net
    Cell:in->out      fanout   Delay   Delay  Logical Name (Net Name)
    ----------------------------------------  ------------
     IBUF:I->O             4   1.106   0.651  Inp1_IBUF (Inp1_IBUF)
     LUT3:I0->O            1   0.612   0.357  FT_ct_and00001 (FT_ct_and0000)
     FDRE:CE                   0.483          FT_ct
    ----------------------------------------
    Total                      3.209ns (2.201ns logic, 1.008ns route)
                                       (68.6% logic, 31.4% route)

=========================================================================
Timing constraint: Default OFFSET OUT AFTER for Clock 'clk'
  Total number of paths / destination ports: 54 / 39
-------------------------------------------------------------------------
Offset:              6.591ns (Levels of Logic = 3)
  Source:            cb_res_4 (FF)
  Destination:       res (PAD)
  Source Clock:      clk rising

  Data Path: cb_res_4 to res
                                Gate     Net
    Cell:in->out      fanout   Delay   Delay  Logical Name (Net Name)
    ----------------------------------------  ------------
     FDR:C->Q              2   0.514   0.532  cb_res_4 (cb_res_4)
     LUT4:I0->O            1   0.612   0.509  res7 (res7)
     LUT4:I0->O            8   0.612   0.643  res62 (res_OBUF)
     OBUF:I->O                 3.169          res_OBUF (res)
    ----------------------------------------
    Total                      6.591ns (4.907ns logic, 1.684ns route)
                                       (74.4% logic, 25.6% route)

=========================================================================


Total REAL time to Xst completion: 8.00 secs
Total CPU time to Xst completion: 7.50 secs
 
--> 

Total memory usage is 146568 kilobytes

Number of errors   :    0 (   0 filtered)
Number of warnings :    0 (   0 filtered)
Number of infos    :    0 (   0 filtered)

