Release 14.2 - xst P.28xd (nt64)
Copyright (c) 1995-2012 Xilinx, Inc.  All rights reserved.
--> Parameter TMPDIR set to xst/projnav.tmp


Total REAL time to Xst completion: 0.00 secs
Total CPU time to Xst completion: 0.37 secs
 
--> Parameter xsthdpdir set to xst


Total REAL time to Xst completion: 0.00 secs
Total CPU time to Xst completion: 0.38 secs
 
--> Reading design: DISPLAY.prj

TABLE OF CONTENTS
  1) Synthesis Options Summary
  2) HDL Compilation
  3) Design Hierarchy Analysis
  4) HDL Analysis
  5) HDL Synthesis
     5.1) HDL Synthesis Report
  6) Advanced HDL Synthesis
     6.1) Advanced HDL Synthesis Report
  7) Low Level Synthesis
  8) Partition Report
  9) Final Report
	9.1) Device utilization summary
	9.2) Partition Resource Summary
	9.3) TIMING REPORT


=========================================================================
*                      Synthesis Options Summary                        *
=========================================================================
---- Source Parameters
Input File Name                    : "DISPLAY.prj"
Input Format                       : mixed
Ignore Synthesis Constraint File   : NO

---- Target Parameters
Output File Name                   : "DISPLAY"
Output Format                      : NGC
Target Device                      : xc3s500e-5-fg320

---- Source Options
Top Module Name                    : DISPLAY
Automatic FSM Extraction           : YES
FSM Encoding Algorithm             : Auto
Safe Implementation                : No
FSM Style                          : LUT
RAM Extraction                     : Yes
RAM Style                          : Auto
ROM Extraction                     : Yes
Mux Style                          : Auto
Decoder Extraction                 : YES
Priority Encoder Extraction        : Yes
Shift Register Extraction          : YES
Logical Shifter Extraction         : YES
XOR Collapsing                     : YES
ROM Style                          : Auto
Mux Extraction                     : Yes
Resource Sharing                   : YES
Asynchronous To Synchronous        : NO
Multiplier Style                   : Auto
Automatic Register Balancing       : No

---- Target Options
Add IO Buffers                     : YES
Global Maximum Fanout              : 100000
Add Generic Clock Buffer(BUFG)     : 24
Register Duplication               : YES
Slice Packing                      : YES
Optimize Instantiated Primitives   : NO
Use Clock Enable                   : Yes
Use Synchronous Set                : Yes
Use Synchronous Reset              : Yes
Pack IO Registers into IOBs        : Auto
Equivalent register Removal        : YES

---- General Options
Optimization Goal                  : Speed
Optimization Effort                : 1
Keep Hierarchy                     : No
Netlist Hierarchy                  : As_Optimized
RTL Output                         : Yes
Global Optimization                : AllClockNets
Read Cores                         : YES
Write Timing Constraints           : NO
Cross Clock Analysis               : NO
Hierarchy Separator                : /
Bus Delimiter                      : <>
Case Specifier                     : Maintain
Slice Utilization Ratio            : 100
BRAM Utilization Ratio             : 100
Verilog 2001                       : YES
Auto BRAM Packing                  : NO
Slice Utilization Ratio Delta      : 5

=========================================================================


=========================================================================
*                          HDL Compilation                              *
=========================================================================
Compiling verilog file "MUX16_4.v" in library work
Compiling verilog file "Gen_P.v" in library work
Module <MUX16_4> compiled
Compiling verilog file "Gen4an.v" in library work
Module <Gen_P> compiled
Compiling verilog file "Gen1ms.v" in library work
Module <Gen4an> compiled
Compiling verilog file "D7seg.v" in library work
Module <Gen1ms> compiled
Compiling verilog file "DISPLAY.v" in library work
Module <D7seg> compiled
Module <DISPLAY> compiled
No errors in compilation
Analysis of file <"DISPLAY.prj"> succeeded.
 

=========================================================================
*                     Design Hierarchy Analysis                         *
=========================================================================
Analyzing hierarchy for module <DISPLAY> in library <work>.

Analyzing hierarchy for module <Gen4an> in library <work>.

Analyzing hierarchy for module <MUX16_4> in library <work>.

Analyzing hierarchy for module <D7seg> in library <work>.

Analyzing hierarchy for module <Gen_P> in library <work>.

Analyzing hierarchy for module <Gen1ms> in library <work> with parameters.
	F1kHz = "00000000000000000000001111101000"
	Fclk = "00000010111110101111000010000000"


=========================================================================
*                            HDL Analysis                               *
=========================================================================
Analyzing top module <DISPLAY>.
WARNING:Xst:863 - "DISPLAY.v" line 25: Name conflict (<AN> and <An>, renaming AN as an_rnm0).
Module <DISPLAY> is correct for synthesis.
 
Analyzing module <Gen4an> in library <work>.
Module <Gen4an> is correct for synthesis.
 
Analyzing module <MUX16_4> in library <work>.
Module <MUX16_4> is correct for synthesis.
 
Analyzing module <D7seg> in library <work>.
Module <D7seg> is correct for synthesis.
 
Analyzing module <Gen_P> in library <work>.
Module <Gen_P> is correct for synthesis.
 
Analyzing module <Gen1ms> in library <work>.
	F1kHz = 32'sb00000000000000000000001111101000
	Fclk = 32'sb00000010111110101111000010000000
Module <Gen1ms> is correct for synthesis.
 

=========================================================================
*                           HDL Synthesis                               *
=========================================================================

Performing bidirectional port resolution...

Synthesizing Unit <Gen4an>.
    Related source file is "Gen4an.v".
    Found 1-of-4 decoder for signal <an>.
    Found 2-bit up counter for signal <q>.
    Summary:
	inferred   1 Counter(s).
	inferred   1 Decoder(s).
Unit <Gen4an> synthesized.


Synthesizing Unit <MUX16_4>.
    Related source file is "MUX16_4.v".
    Found 4-bit 4-to-1 multiplexer for signal <do>.
    Summary:
	inferred   4 Multiplexer(s).
Unit <MUX16_4> synthesized.


Synthesizing Unit <D7seg>.
    Related source file is "D7seg.v".
    Found 16x7-bit ROM for signal <seg>.
    Summary:
	inferred   1 ROM(s).
Unit <D7seg> synthesized.


Synthesizing Unit <Gen_P>.
    Related source file is "Gen_P.v".
    Found 2-bit comparator equal for signal <seg_P$cmp_eq0000> created at line 26.
    Summary:
	inferred   1 Comparator(s).
Unit <Gen_P> synthesized.


Synthesizing Unit <Gen1ms>.
    Related source file is "Gen1ms.v".
    Found 1-bit register for signal <ce1ms>.
    Found 16-bit down counter for signal <cb_ms>.
    Summary:
	inferred   1 Counter(s).
	inferred   1 D-type flip-flop(s).
Unit <Gen1ms> synthesized.


Synthesizing Unit <DISPLAY>.
    Related source file is "DISPLAY.v".
WARNING:Xst:1306 - Output <An> is never assigned.
WARNING:Xst:646 - Signal <an_rnm0> is assigned but never used. This unconnected signal will be trimmed during the optimization process.
Unit <DISPLAY> synthesized.


=========================================================================
HDL Synthesis Report

Macro Statistics
# ROMs                                                 : 1
 16x7-bit ROM                                          : 1
# Counters                                             : 2
 16-bit down counter                                   : 1
 2-bit up counter                                      : 1
# Registers                                            : 1
 1-bit register                                        : 1
# Comparators                                          : 1
 2-bit comparator equal                                : 1
# Multiplexers                                         : 1
 4-bit 4-to-1 multiplexer                              : 1
# Decoders                                             : 1
 1-of-4 decoder                                        : 1

=========================================================================

=========================================================================
*                       Advanced HDL Synthesis                          *
=========================================================================


=========================================================================
Advanced HDL Synthesis Report

Macro Statistics
# ROMs                                                 : 1
 16x7-bit ROM                                          : 1
# Counters                                             : 2
 16-bit down counter                                   : 1
 2-bit up counter                                      : 1
# Registers                                            : 1
 Flip-Flops                                            : 1
# Comparators                                          : 1
 2-bit comparator equal                                : 1
# Multiplexers                                         : 1
 4-bit 4-to-1 multiplexer                              : 1
# Decoders                                             : 1
 1-of-4 decoder                                        : 1

=========================================================================

=========================================================================
*                         Low Level Synthesis                           *
=========================================================================

Optimizing unit <DISPLAY> ...

Mapping all equations...
Building and optimizing final netlist ...
Found area constraint ratio of 100 (+ 5) on block DISPLAY, actual ratio is 0.

Final Macro Processing ...

=========================================================================
Final Register Report

Macro Statistics
# Registers                                            : 19
 Flip-Flops                                            : 19

=========================================================================

=========================================================================
*                           Partition Report                            *
=========================================================================

Partition Implementation Status
-------------------------------

  No Partitions were found in this design.

-------------------------------

=========================================================================
*                            Final Report                               *
=========================================================================
Final Results
RTL Top Level Output File Name     : DISPLAY.ngr
Top Level Output File Name         : DISPLAY
Output Format                      : NGC
Optimization Goal                  : Speed
Keep Hierarchy                     : No

Design Statistics
# IOs                              : 32

Cell Usage :
# BELS                             : 76
#      GND                         : 1
#      INV                         : 16
#      LUT1                        : 1
#      LUT2                        : 1
#      LUT3                        : 8
#      LUT4                        : 12
#      LUT4_L                      : 1
#      MUXCY                       : 15
#      MUXF5                       : 4
#      VCC                         : 1
#      XORCY                       : 16
# FlipFlops/Latches                : 19
#      FD                          : 1
#      FDE                         : 2
#      FDR                         : 10
#      FDS                         : 6
# Clock Buffers                    : 1
#      BUFGP                       : 1
# IO Buffers                       : 27
#      IBUF                        : 18
#      OBUF                        : 9
=========================================================================

Device utilization summary:
---------------------------

Selected Device : 3s500efg320-5 

 Number of Slices:                       20  out of   4656     0%  
 Number of Slice Flip Flops:             19  out of   9312     0%  
 Number of 4 input LUTs:                 39  out of   9312     0%  
 Number of IOs:                          32
 Number of bonded IOBs:                  28  out of    232    12%  
 Number of GCLKs:                         1  out of     24     4%  

---------------------------
Partition Resource Summary:
---------------------------

  No Partitions were found in this design.

---------------------------


=========================================================================
TIMING REPORT

NOTE: THESE TIMING NUMBERS ARE ONLY A SYNTHESIS ESTIMATE.
      FOR ACCURATE TIMING INFORMATION PLEASE REFER TO THE TRACE REPORT
      GENERATED AFTER PLACE-and-ROUTE.

Clock Information:
------------------
-----------------------------------+------------------------+-------+
Clock Signal                       | Clock buffer(FF name)  | Load  |
-----------------------------------+------------------------+-------+
clk                                | BUFGP                  | 19    |
-----------------------------------+------------------------+-------+

Asynchronous Control Signals Information:
----------------------------------------
No asynchronous control signals found in this design

Timing Summary:
---------------
Speed Grade: -5

   Minimum period: 4.384ns (Maximum Frequency: 228.087MHz)
   Minimum input arrival time before clock: No path found
   Maximum output required time after clock: 7.241ns
   Maximum combinational path delay: 7.314ns

Timing Detail:
--------------
All values displayed in nanoseconds (ns)

=========================================================================
Timing constraint: Default period analysis for Clock 'clk'
  Clock period: 4.384ns (frequency: 228.087MHz)
  Total number of paths / destination ports: 413 / 37
-------------------------------------------------------------------------
Delay:               4.384ns (Levels of Logic = 2)
  Source:            DD5/cb_ms_4 (FF)
  Destination:       DD5/cb_ms_0 (FF)
  Source Clock:      clk rising
  Destination Clock: clk rising

  Data Path: DD5/cb_ms_4 to DD5/cb_ms_0
                                Gate     Net
    Cell:in->out      fanout   Delay   Delay  Logical Name (Net Name)
    ----------------------------------------  ------------
     FDS:C->Q              2   0.514   0.532  DD5/cb_ms_4 (DD5/cb_ms_4)
     LUT4:I0->O            1   0.612   0.426  DD5/ce24 (DD5/ce24)
     LUT4:I1->O           17   0.612   0.893  DD5/ce75 (DD5/ce)
     FDR:R                     0.795          DD5/cb_ms_0
    ----------------------------------------
    Total                      4.384ns (2.533ns logic, 1.851ns route)
                                       (57.8% logic, 42.2% route)

=========================================================================
Timing constraint: Default OFFSET OUT AFTER for Clock 'clk'
  Total number of paths / destination ports: 87 / 9
-------------------------------------------------------------------------
Offset:              7.241ns (Levels of Logic = 4)
  Source:            DD1/q_0 (FF)
  Destination:       SEG<6> (PAD)
  Source Clock:      clk rising

  Data Path: DD1/q_0 to SEG<6>
                                Gate     Net
    Cell:in->out      fanout   Delay   Delay  Logical Name (Net Name)
    ----------------------------------------  ------------
     FDE:C->Q             11   0.514   0.945  DD1/q_0 (DD1/q_0)
     LUT3:I0->O            1   0.612   0.000  DD2/Mmux_do_3 (DD2/Mmux_do_3)
     MUXF5:I1->O           7   0.278   0.754  DD2/Mmux_do_2_f5 (Dig<0>)
     LUT4:I0->O            1   0.612   0.357  DD3/Mrom_seg111 (SEG_1_OBUF)
     OBUF:I->O                 3.169          SEG_1_OBUF (SEG<1>)
    ----------------------------------------
    Total                      7.241ns (5.185ns logic, 2.056ns route)
                                       (71.6% logic, 28.4% route)

=========================================================================
Timing constraint: Default path analysis
  Total number of paths / destination ports: 114 / 8
-------------------------------------------------------------------------
Delay:               7.314ns (Levels of Logic = 5)
  Source:            dat<1> (PAD)
  Destination:       SEG<6> (PAD)

  Data Path: dat<1> to SEG<6>
                                Gate     Net
    Cell:in->out      fanout   Delay   Delay  Logical Name (Net Name)
    ----------------------------------------  ------------
     IBUF:I->O             1   1.106   0.426  dat_1_IBUF (dat_1_IBUF)
     LUT3:I1->O            1   0.612   0.000  DD2/Mmux_do_41 (DD2/Mmux_do_41)
     MUXF5:I0->O           7   0.278   0.754  DD2/Mmux_do_2_f5_0 (Dig<1>)
     LUT4:I0->O            1   0.612   0.357  DD3/Mrom_seg21 (SEG_2_OBUF)
     OBUF:I->O                 3.169          SEG_2_OBUF (SEG<2>)
    ----------------------------------------
    Total                      7.314ns (5.777ns logic, 1.537ns route)
                                       (79.0% logic, 21.0% route)

=========================================================================


Total REAL time to Xst completion: 7.00 secs
Total CPU time to Xst completion: 7.21 secs
 
--> 

Total memory usage is 340368 kilobytes

Number of errors   :    0 (   0 filtered)
Number of warnings :    4 (   0 filtered)
Number of infos    :    0 (   0 filtered)

